[04/05/2019 14:57:47]: 'gamification' table created.
[04/05/2019 14:58:09]: Blasbutera (id: 1) logueado.
[04/05/2019 16:30:05]: Blasbutera (id: 1) logueado.
[04/05/2019 16:54:36]: Blasbutera (id: 1) logueado.
[04/05/2019 16:54:54]: User (id: 2) logueado.
[04/05/2019 16:55:28]: User (id: 2) logueado.
[04/09/2019 13:26:48]: Creating gamification table...
[04/09/2019 13:26:48]: gamification table created.
[04/09/2019 13:26:48]: Adding existing users...
[04/09/2019 13:26:48]: Existing users added.
[04/09/2019 13:26:48]: Existing users added. (from aeu method)
[04/09/2019 13:47:02]: A new user was created, adding to database...
[04/09/2019 13:47:03]: New user added.
[04/09/2019 13:47:03]: User3 (id: 4) logueado.
[04/09/2019 13:52:13]: A new user was created, adding to database...
[04/09/2019 13:52:13]: New user added.
[04/09/2019 13:52:13]: User4 (id: 5) logueado.
[04/09/2019 14:14:54]: Creating gamification table...
[04/09/2019 14:14:54]: gamification table created.
[04/09/2019 14:14:54]: Adding existing users...
[04/09/2019 14:14:54]: Existing users added.
[04/09/2019 14:16:40]: Creating gamification table...
[04/09/2019 14:16:40]: gamification table created.
[04/09/2019 14:16:40]: Adding existing users...
[04/09/2019 14:16:40]: Existing users added.
[04/09/2019 14:18:13]: Creating gamification table...
[04/09/2019 14:18:13]: gamification table created.
[04/09/2019 14:18:13]: Adding existing users...
[04/09/2019 14:18:13]: Existing users added.
[04/09/2019 14:20:39]: A new user was created, adding to database...
[04/09/2019 14:20:39]: New user added.
[04/09/2019 14:20:39]: User5 (id: 6) logueado.
[04/09/2019 14:30:18]: Creating gamification table...
[04/09/2019 14:30:18]: gamification table created.
[04/09/2019 14:30:18]: Adding existing users...
[04/09/2019 14:30:18]: Existing users added.
[04/09/2019 14:30:54]: Creating gamification table...
[04/09/2019 14:30:54]: gamification table created.
[04/09/2019 14:30:54]: Adding existing users...
[04/09/2019 14:30:54]: Existing users added.
[04/09/2019 14:31:49]: User5 (id: 6) logueado.
[04/09/2019 14:31:58]: User5 (id: 6) logueado.
[04/09/2019 14:34:08]: Creating gamification table...
[04/09/2019 14:34:08]: gamification table created.
[04/09/2019 14:34:08]: Adding existing users...
[04/09/2019 14:34:08]: Existing users added.
[04/09/2019 14:54:10]: Creating gamification table...
[04/09/2019 14:54:10]: gamification table created.
[04/09/2019 14:54:10]: Adding existing users...
[04/09/2019 14:54:10]: Existing users added.
[04/09/2019 14:55:57]: Creating gamification table...
[04/09/2019 14:55:57]: gamification table created.
[04/09/2019 14:55:57]: Adding existing users...
[04/09/2019 14:55:57]: Existing users added.
[04/09/2019 14:55:57]: 1
[04/09/2019 14:55:57]: 1
[04/09/2019 14:55:57]: 1
[04/09/2019 14:55:57]: 1
[04/09/2019 14:55:57]: 1
[04/09/2019 14:55:57]: 1
[04/09/2019 14:56:58]: Creating gamification table...
[04/09/2019 14:56:58]: gamification table created.
[04/09/2019 14:56:58]: Adding existing users...
[04/09/2019 14:56:58]: Existing users added.
[04/09/2019 14:56:58]: 1
[04/09/2019 14:56:58]: 1
[04/09/2019 14:56:58]: 1
[04/09/2019 14:56:58]: 1
[04/09/2019 14:56:58]: 1
[04/09/2019 14:56:58]: 1
[04/09/2019 14:58:37]: Creating gamification table...
[04/09/2019 14:58:37]: gamification table created.
[04/09/2019 14:58:37]: Adding existing users...
[04/09/2019 14:58:37]: Existing users added.
[04/09/2019 14:58:57]: Creating gamification table...
[04/09/2019 14:58:57]: gamification table created.
[04/09/2019 14:58:57]: Adding existing users...
[04/09/2019 14:58:57]: Existing users added.
[04/09/2019 14:58:57]: 12
[04/09/2019 14:58:57]: 13
[04/09/2019 14:58:57]: 14
[04/09/2019 14:58:57]: 15
[04/09/2019 14:58:57]: 16
[04/09/2019 14:58:57]: 17
[04/09/2019 15:01:51]: Creating gamification table...
[04/09/2019 15:01:51]: gamification table created.
[04/09/2019 15:01:51]: Adding existing users...
[04/09/2019 15:01:51]: Existing users added.
[04/09/2019 15:01:51]: 3
[04/09/2019 15:01:51]: 3
[04/09/2019 15:01:51]: 3
[04/09/2019 15:01:51]: 3
[04/09/2019 15:01:51]: 3
[04/09/2019 15:01:51]: 3
[04/09/2019 15:03:23]: Creating gamification table...
[04/09/2019 15:03:23]: gamification table created.
[04/09/2019 15:03:23]: Adding existing users...
[04/09/2019 15:03:23]: Existing users added.
[04/09/2019 15:03:39]: Creating gamification table...
[04/09/2019 15:03:39]: gamification table created.
[04/09/2019 15:03:39]: Adding existing users...
[04/09/2019 15:03:39]: Existing users added.
[04/09/2019 15:04:13]: Creating gamification table...
[04/09/2019 15:04:13]: gamification table created.
[04/09/2019 15:04:13]: Adding existing users...
[04/09/2019 15:04:13]: Existing users added.
[04/09/2019 15:04:33]: Creating gamification table...
[04/09/2019 15:04:33]: gamification table created.
[04/09/2019 15:04:33]: Adding existing users...
[04/09/2019 15:04:33]: Existing users added.
[04/09/2019 15:04:51]: Blasbutera (id: 1) logueado.
[04/10/2019 15:55:06]: Creating gamification table...
[04/10/2019 15:55:06]: gamification table created.
[04/10/2019 15:55:06]: Adding existing users...
[04/10/2019 15:55:06]: Existing users added.
